[17:27:11] Initializing LaTeX Workshop.
[17:27:11] Creating LaTeX Workshop http and websocket server.
[17:27:11] LaTeX Workshop initialized.
[17:27:11] Found root file from active editor: /home/vrelda/projects/Seminararbeit/Dokumente/2018-00 Arbeit.tex
[17:27:12] Root file changed from: undefined. Find all dependencies.
[17:27:12] Instatiating new file watcher for /home/vrelda/projects/Seminararbeit/Dokumente/2018-00 Arbeit.tex
[17:27:12] Parsing /home/vrelda/projects/Seminararbeit/Dokumente/2018-00 Arbeit.tex
[17:27:12] Server created on 127.0.0.1:45647
[17:27:12] Snippet data loaded.
[17:27:12] LaTeX Workshop version: 5.13.0
[17:27:13] VIEW command invoked.
[17:27:13] Found root file from active editor: /home/vrelda/projects/Seminararbeit/Dokumente/2018-00 Arbeit.tex
[17:27:13] Root file remains unchanged from: /home/vrelda/projects/Seminararbeit/Dokumente/2018-00 Arbeit.tex.
[17:27:13] No PDF viewer connected for /home/vrelda/projects/Seminararbeit/Dokumente/2018-00 Arbeit.pdf
[17:27:13] Serving PDF file at http://127.0.0.1:45647/viewer.html?file=/pdf:%252Fhome%252Fvrelda%252Fprojects%252FSeminararbeit%252FDokumente%252F2018-00%2520Arbeit.pdf
[17:27:13] Open PDF tab for /home/vrelda/projects/Seminararbeit/Dokumente/2018-00 Arbeit.pdf
[17:27:13] Default data loaded.
[17:27:14] Preview PDF file: /home/vrelda/projects/Seminararbeit/Dokumente/2018-00 Arbeit.pdf
[17:33:47] File watcher: responding to change in /home/vrelda/projects/Seminararbeit/Dokumente/2018-00 Arbeit.tex
[17:33:47] Parsing /home/vrelda/projects/Seminararbeit/Dokumente/2018-00 Arbeit.tex
[17:33:47] Auto-build /home/vrelda/projects/Seminararbeit/Dokumente/2018-00 Arbeit.tex upon save.
[17:33:47] BUILD command invoked.
[17:33:47] Found root file from active editor: /home/vrelda/projects/Seminararbeit/Dokumente/2018-00 Arbeit.tex
[17:33:47] Root file remains unchanged from: /home/vrelda/projects/Seminararbeit/Dokumente/2018-00 Arbeit.tex.
[17:33:47] Building root file: /home/vrelda/projects/Seminararbeit/Dokumente/2018-00 Arbeit.tex
[17:33:47] Build root file /home/vrelda/projects/Seminararbeit/Dokumente/2018-00 Arbeit.tex
[17:33:47] Recipe step 1: lualatex, -synctex=1,-interaction=nonstopmode,-file-line-error,/home/vrelda/projects/Seminararbeit/Dokumente/2018-00 Arbeit
[17:33:47] File watcher: responding to change in /home/vrelda/projects/Seminararbeit/Dokumente/2018-00 Arbeit.tex
[17:33:47] Parsing /home/vrelda/projects/Seminararbeit/Dokumente/2018-00 Arbeit.tex
[17:33:58] File watcher: responding to change in /home/vrelda/projects/Seminararbeit/Dokumente/2018-00 Arbeit.tex
[17:33:58] Parsing /home/vrelda/projects/Seminararbeit/Dokumente/2018-00 Arbeit.tex
[17:34:04] File watcher: responding to change in /home/vrelda/projects/Seminararbeit/Dokumente/2018-00 Arbeit.tex
[17:34:04] Parsing /home/vrelda/projects/Seminararbeit/Dokumente/2018-00 Arbeit.tex
[17:34:04] Auto-build /home/vrelda/projects/Seminararbeit/Dokumente/2018-00 Arbeit.tex upon save.
[17:34:04] BUILD command invoked.
[17:34:04] Found root file from active editor: /home/vrelda/projects/Seminararbeit/Dokumente/2018-00 Arbeit.tex
[17:34:04] Root file remains unchanged from: /home/vrelda/projects/Seminararbeit/Dokumente/2018-00 Arbeit.tex.
[17:34:04] Building root file: /home/vrelda/projects/Seminararbeit/Dokumente/2018-00 Arbeit.tex
[17:34:04] Build root file /home/vrelda/projects/Seminararbeit/Dokumente/2018-00 Arbeit.tex
[17:34:04] Kill previous process.
[17:34:04] Recipe returns with error: null/SIGTERM.
[17:34:04] Build root file /home/vrelda/projects/Seminararbeit/Dokumente/2018-00 Arbeit.tex
[17:34:04] Recipe step 1: lualatex, -synctex=1,-interaction=nonstopmode,-file-line-error,/home/vrelda/projects/Seminararbeit/Dokumente/2018-00 Arbeit
[17:34:26] LaTeX log parsed with 21 messages.
[17:34:26] Recipe returns with error: 1/null.
[17:34:26] Cleaning auxillary files and retrying build after toolchain error.
[17:34:26] CLEAN command invoked.
[17:34:26] Try root file in root directory: /home/vrelda/projects/Seminararbeit/Dokumente/2018-00 Arbeit.tex
[17:34:26] Parsing /home/vrelda/projects/Seminararbeit/Dokumente/2018-00 Arbeit.tex
[17:34:26] Try root file in root directory: /home/vrelda/projects/Seminararbeit/Dokumente/2018-06 Zeitplan.tex
[17:34:26] Parsing /home/vrelda/projects/Seminararbeit/Dokumente/2018-06 Zeitplan.tex
[17:34:26] Try root file in root directory: /home/vrelda/projects/Seminararbeit/Dokumente/__latexindent_temp.tex
[17:34:26] Parsing /home/vrelda/projects/Seminararbeit/Dokumente/__latexindent_temp.tex
[17:34:26] Try root file in root directory: /home/vrelda/projects/Seminararbeit/Dokumente/2018-04 Essay v1.tex
[17:34:26] Parsing /home/vrelda/projects/Seminararbeit/Dokumente/2018-04 Essay v1.tex
[17:34:26] Try root file in root directory: /home/vrelda/projects/Seminararbeit/Dokumente/2018-00 Quellenanalyse.tex
[17:34:26] Parsing /home/vrelda/projects/Seminararbeit/Dokumente/2018-00 Quellenanalyse.tex
[17:34:26] Try root file in root directory: /home/vrelda/projects/Seminararbeit/Dokumente/2018-00 Arbeit.tex
[17:34:26] Parsing /home/vrelda/projects/Seminararbeit/Dokumente/2018-00 Arbeit.tex
[17:34:26] Try root file in root directory: /home/vrelda/projects/Seminararbeit/Dokumente/2018-06 Zeitplan.tex
[17:34:26] Parsing /home/vrelda/projects/Seminararbeit/Dokumente/2018-06 Zeitplan.tex
[17:34:26] Try root file in root directory: /home/vrelda/projects/Seminararbeit/Dokumente/__latexindent_temp.tex
[17:34:26] Parsing /home/vrelda/projects/Seminararbeit/Dokumente/__latexindent_temp.tex
[17:34:26] Try root file in root directory: /home/vrelda/projects/Seminararbeit/Dokumente/2018-04 Essay v1.tex
[17:34:26] Parsing /home/vrelda/projects/Seminararbeit/Dokumente/2018-04 Essay v1.tex
[17:34:26] Try root file in root directory: /home/vrelda/projects/Seminararbeit/Dokumente/2018-00 Quellenanalyse.tex
[17:34:26] Parsing /home/vrelda/projects/Seminararbeit/Dokumente/2018-00 Quellenanalyse.tex
[17:34:26] File cleaned: /home/vrelda/projects/Seminararbeit/Dokumente/2018-00 Arbeit.aux
[17:34:26] File cleaned: /home/vrelda/projects/Seminararbeit/Dokumente/2018-00 Arbeit.toc
[17:34:26] File cleaned: /home/vrelda/projects/Seminararbeit/Dokumente/2018-00 Arbeit.log
[17:34:26] Recipe step 1: lualatex, -synctex=1,-interaction=nonstopmode,-file-line-error,/home/vrelda/projects/Seminararbeit/Dokumente/2018-00 Arbeit
[17:34:29] LaTeX log parsed with 40 messages.
[17:34:29] Recipe returns with error: 1/null.
[17:38:08] File watcher: responding to change in /home/vrelda/projects/Seminararbeit/Dokumente/2018-00 Arbeit.tex
[17:38:08] Parsing /home/vrelda/projects/Seminararbeit/Dokumente/2018-00 Arbeit.tex
[17:38:13] File watcher: responding to change in /home/vrelda/projects/Seminararbeit/Dokumente/2018-00 Arbeit.tex
[17:38:13] Parsing /home/vrelda/projects/Seminararbeit/Dokumente/2018-00 Arbeit.tex
[17:38:13] Auto-build /home/vrelda/projects/Seminararbeit/Dokumente/2018-00 Arbeit.tex upon save.
[17:38:13] BUILD command invoked.
[17:38:13] Found root file from active editor: /home/vrelda/projects/Seminararbeit/Dokumente/2018-00 Arbeit.tex
[17:38:13] Root file remains unchanged from: /home/vrelda/projects/Seminararbeit/Dokumente/2018-00 Arbeit.tex.
[17:38:13] Building root file: /home/vrelda/projects/Seminararbeit/Dokumente/2018-00 Arbeit.tex
[17:38:13] Build root file /home/vrelda/projects/Seminararbeit/Dokumente/2018-00 Arbeit.tex
[17:38:13] Recipe step 1: lualatex, -synctex=1,-interaction=nonstopmode,-file-line-error,/home/vrelda/projects/Seminararbeit/Dokumente/2018-00 Arbeit
[17:38:13] File watcher: responding to change in /home/vrelda/projects/Seminararbeit/Dokumente/2018-00 Arbeit.tex
[17:38:13] Parsing /home/vrelda/projects/Seminararbeit/Dokumente/2018-00 Arbeit.tex
[17:38:17] LaTeX log parsed with 8 messages.
[17:38:17] Recipe of length 1 finished.
[17:38:17] Successfully built /home/vrelda/projects/Seminararbeit/Dokumente/2018-00 Arbeit.tex
[17:38:17] Refresh PDF viewer for /home/vrelda/projects/Seminararbeit/Dokumente/2018-00 Arbeit.pdf
[17:38:18] Preview PDF file: /home/vrelda/projects/Seminararbeit/Dokumente/2018-00 Arbeit.pdf
[17:51:55] File watcher: responding to change in /home/vrelda/projects/Seminararbeit/Dokumente/2018-00 Arbeit.tex
[17:51:55] Parsing /home/vrelda/projects/Seminararbeit/Dokumente/2018-00 Arbeit.tex
[17:51:55] Auto-build /home/vrelda/projects/Seminararbeit/Dokumente/2018-00 Arbeit.tex upon save.
[17:51:55] BUILD command invoked.
[17:51:55] Found root file from active editor: /home/vrelda/projects/Seminararbeit/Dokumente/2018-00 Arbeit.tex
[17:51:55] Root file remains unchanged from: /home/vrelda/projects/Seminararbeit/Dokumente/2018-00 Arbeit.tex.
[17:51:55] Building root file: /home/vrelda/projects/Seminararbeit/Dokumente/2018-00 Arbeit.tex
[17:51:55] Build root file /home/vrelda/projects/Seminararbeit/Dokumente/2018-00 Arbeit.tex
[17:51:55] Recipe step 1: lualatex, -synctex=1,-interaction=nonstopmode,-file-line-error,/home/vrelda/projects/Seminararbeit/Dokumente/2018-00 Arbeit
[17:51:58] LaTeX log parsed with 7 messages.
[17:51:58] Recipe of length 1 finished.
[17:51:58] Successfully built /home/vrelda/projects/Seminararbeit/Dokumente/2018-00 Arbeit.tex
[17:51:58] Refresh PDF viewer for /home/vrelda/projects/Seminararbeit/Dokumente/2018-00 Arbeit.pdf
[17:51:58] Preview PDF file: /home/vrelda/projects/Seminararbeit/Dokumente/2018-00 Arbeit.pdf
[17:52:59] File watcher: responding to change in /home/vrelda/projects/Seminararbeit/Dokumente/2018-00 Arbeit.tex
[17:52:59] Parsing /home/vrelda/projects/Seminararbeit/Dokumente/2018-00 Arbeit.tex
[17:52:59] Auto-build /home/vrelda/projects/Seminararbeit/Dokumente/2018-00 Arbeit.tex upon save.
[17:52:59] BUILD command invoked.
[17:52:59] Found root file from active editor: /home/vrelda/projects/Seminararbeit/Dokumente/2018-00 Arbeit.tex
[17:52:59] Root file remains unchanged from: /home/vrelda/projects/Seminararbeit/Dokumente/2018-00 Arbeit.tex.
[17:52:59] Building root file: /home/vrelda/projects/Seminararbeit/Dokumente/2018-00 Arbeit.tex
[17:52:59] Build root file /home/vrelda/projects/Seminararbeit/Dokumente/2018-00 Arbeit.tex
[17:52:59] Recipe step 1: lualatex, -synctex=1,-interaction=nonstopmode,-file-line-error,/home/vrelda/projects/Seminararbeit/Dokumente/2018-00 Arbeit
[17:52:59] File watcher: responding to change in /home/vrelda/projects/Seminararbeit/Dokumente/2018-00 Arbeit.tex
[17:52:59] Parsing /home/vrelda/projects/Seminararbeit/Dokumente/2018-00 Arbeit.tex
[17:53:02] LaTeX log parsed with 7 messages.
[17:53:02] Recipe of length 1 finished.
[17:53:02] Successfully built /home/vrelda/projects/Seminararbeit/Dokumente/2018-00 Arbeit.tex
[17:53:02] Refresh PDF viewer for /home/vrelda/projects/Seminararbeit/Dokumente/2018-00 Arbeit.pdf
[17:53:02] Preview PDF file: /home/vrelda/projects/Seminararbeit/Dokumente/2018-00 Arbeit.pdf
[17:53:14] File watcher: responding to change in /home/vrelda/projects/Seminararbeit/Dokumente/2018-00 Arbeit.tex
[17:53:14] Parsing /home/vrelda/projects/Seminararbeit/Dokumente/2018-00 Arbeit.tex
[17:53:14] Auto-build /home/vrelda/projects/Seminararbeit/Dokumente/2018-00 Arbeit.tex upon save.
[17:53:14] BUILD command invoked.
[17:53:14] Found root file from active editor: /home/vrelda/projects/Seminararbeit/Dokumente/2018-00 Arbeit.tex
[17:53:14] Root file remains unchanged from: /home/vrelda/projects/Seminararbeit/Dokumente/2018-00 Arbeit.tex.
[17:53:14] Building root file: /home/vrelda/projects/Seminararbeit/Dokumente/2018-00 Arbeit.tex
[17:53:14] Build root file /home/vrelda/projects/Seminararbeit/Dokumente/2018-00 Arbeit.tex
[17:53:14] Recipe step 1: lualatex, -synctex=1,-interaction=nonstopmode,-file-line-error,/home/vrelda/projects/Seminararbeit/Dokumente/2018-00 Arbeit
[17:53:17] LaTeX log parsed with 7 messages.
[17:53:17] Recipe of length 1 finished.
[17:53:17] Successfully built /home/vrelda/projects/Seminararbeit/Dokumente/2018-00 Arbeit.tex
[17:53:17] Refresh PDF viewer for /home/vrelda/projects/Seminararbeit/Dokumente/2018-00 Arbeit.pdf
[17:53:17] Preview PDF file: /home/vrelda/projects/Seminararbeit/Dokumente/2018-00 Arbeit.pdf
[17:55:28] File watcher: responding to change in /home/vrelda/projects/Seminararbeit/Dokumente/2018-00 Arbeit.tex
[17:55:28] Parsing /home/vrelda/projects/Seminararbeit/Dokumente/2018-00 Arbeit.tex
[17:55:28] Auto-build /home/vrelda/projects/Seminararbeit/Dokumente/2018-00 Arbeit.tex upon save.
[17:55:28] BUILD command invoked.
[17:55:28] Found root file from active editor: /home/vrelda/projects/Seminararbeit/Dokumente/2018-00 Arbeit.tex
[17:55:28] Root file remains unchanged from: /home/vrelda/projects/Seminararbeit/Dokumente/2018-00 Arbeit.tex.
[17:55:28] Building root file: /home/vrelda/projects/Seminararbeit/Dokumente/2018-00 Arbeit.tex
[17:55:28] Build root file /home/vrelda/projects/Seminararbeit/Dokumente/2018-00 Arbeit.tex
[17:55:28] Recipe step 1: lualatex, -synctex=1,-interaction=nonstopmode,-file-line-error,/home/vrelda/projects/Seminararbeit/Dokumente/2018-00 Arbeit
[17:55:28] File watcher: responding to change in /home/vrelda/projects/Seminararbeit/Dokumente/2018-00 Arbeit.tex
[17:55:28] Parsing /home/vrelda/projects/Seminararbeit/Dokumente/2018-00 Arbeit.tex
[17:55:31] LaTeX log parsed with 7 messages.
[17:55:31] Recipe of length 1 finished.
[17:55:31] Successfully built /home/vrelda/projects/Seminararbeit/Dokumente/2018-00 Arbeit.tex
[17:55:31] Refresh PDF viewer for /home/vrelda/projects/Seminararbeit/Dokumente/2018-00 Arbeit.pdf
[17:55:31] Preview PDF file: /home/vrelda/projects/Seminararbeit/Dokumente/2018-00 Arbeit.pdf
[18:02:05] File watcher: responding to change in /home/vrelda/projects/Seminararbeit/Dokumente/2018-00 Arbeit.tex
[18:02:05] Parsing /home/vrelda/projects/Seminararbeit/Dokumente/2018-00 Arbeit.tex
[18:02:06] Auto-build /home/vrelda/projects/Seminararbeit/Dokumente/2018-00 Arbeit.tex upon save.
[18:02:06] BUILD command invoked.
[18:02:06] Found root file from active editor: /home/vrelda/projects/Seminararbeit/Dokumente/2018-00 Arbeit.tex
[18:02:06] Root file remains unchanged from: /home/vrelda/projects/Seminararbeit/Dokumente/2018-00 Arbeit.tex.
[18:02:06] Building root file: /home/vrelda/projects/Seminararbeit/Dokumente/2018-00 Arbeit.tex
[18:02:06] Build root file /home/vrelda/projects/Seminararbeit/Dokumente/2018-00 Arbeit.tex
[18:02:06] Recipe step 1: lualatex, -synctex=1,-interaction=nonstopmode,-file-line-error,/home/vrelda/projects/Seminararbeit/Dokumente/2018-00 Arbeit
[18:02:09] LaTeX log parsed with 7 messages.
[18:02:09] Recipe of length 1 finished.
[18:02:09] Successfully built /home/vrelda/projects/Seminararbeit/Dokumente/2018-00 Arbeit.tex
[18:02:09] Refresh PDF viewer for /home/vrelda/projects/Seminararbeit/Dokumente/2018-00 Arbeit.pdf
[18:02:09] Preview PDF file: /home/vrelda/projects/Seminararbeit/Dokumente/2018-00 Arbeit.pdf
[18:03:16] File watcher: responding to change in /home/vrelda/projects/Seminararbeit/Dokumente/2018-00 Arbeit.tex
[18:03:16] Parsing /home/vrelda/projects/Seminararbeit/Dokumente/2018-00 Arbeit.tex
[18:03:16] Auto-build /home/vrelda/projects/Seminararbeit/Dokumente/2018-00 Arbeit.tex upon save.
[18:03:16] BUILD command invoked.
[18:03:16] Found root file from active editor: /home/vrelda/projects/Seminararbeit/Dokumente/2018-00 Arbeit.tex
[18:03:16] Root file remains unchanged from: /home/vrelda/projects/Seminararbeit/Dokumente/2018-00 Arbeit.tex.
[18:03:16] Building root file: /home/vrelda/projects/Seminararbeit/Dokumente/2018-00 Arbeit.tex
[18:03:16] Build root file /home/vrelda/projects/Seminararbeit/Dokumente/2018-00 Arbeit.tex
[18:03:16] Recipe step 1: lualatex, -synctex=1,-interaction=nonstopmode,-file-line-error,/home/vrelda/projects/Seminararbeit/Dokumente/2018-00 Arbeit
[18:03:19] LaTeX log parsed with 7 messages.
[18:03:19] Recipe of length 1 finished.
[18:03:19] Successfully built /home/vrelda/projects/Seminararbeit/Dokumente/2018-00 Arbeit.tex
[18:03:19] Refresh PDF viewer for /home/vrelda/projects/Seminararbeit/Dokumente/2018-00 Arbeit.pdf
[18:03:19] Preview PDF file: /home/vrelda/projects/Seminararbeit/Dokumente/2018-00 Arbeit.pdf
[18:04:09] File watcher: responding to change in /home/vrelda/projects/Seminararbeit/Dokumente/2018-00 Arbeit.tex
[18:04:09] Parsing /home/vrelda/projects/Seminararbeit/Dokumente/2018-00 Arbeit.tex
[18:04:09] Auto-build /home/vrelda/projects/Seminararbeit/Dokumente/2018-00 Arbeit.tex upon save.
[18:04:09] BUILD command invoked.
[18:04:09] Found root file from active editor: /home/vrelda/projects/Seminararbeit/Dokumente/2018-00 Arbeit.tex
[18:04:09] Root file remains unchanged from: /home/vrelda/projects/Seminararbeit/Dokumente/2018-00 Arbeit.tex.
[18:04:09] Building root file: /home/vrelda/projects/Seminararbeit/Dokumente/2018-00 Arbeit.tex
[18:04:09] Build root file /home/vrelda/projects/Seminararbeit/Dokumente/2018-00 Arbeit.tex
[18:04:09] Recipe step 1: lualatex, -synctex=1,-interaction=nonstopmode,-file-line-error,/home/vrelda/projects/Seminararbeit/Dokumente/2018-00 Arbeit
[18:04:09] File watcher: responding to change in /home/vrelda/projects/Seminararbeit/Dokumente/2018-00 Arbeit.tex
[18:04:09] Parsing /home/vrelda/projects/Seminararbeit/Dokumente/2018-00 Arbeit.tex
[18:04:12] LaTeX log parsed with 6 messages.
[18:04:12] Recipe of length 1 finished.
[18:04:12] Successfully built /home/vrelda/projects/Seminararbeit/Dokumente/2018-00 Arbeit.tex
[18:04:12] Refresh PDF viewer for /home/vrelda/projects/Seminararbeit/Dokumente/2018-00 Arbeit.pdf
[18:04:12] Preview PDF file: /home/vrelda/projects/Seminararbeit/Dokumente/2018-00 Arbeit.pdf
[18:05:13] File watcher: responding to change in /home/vrelda/projects/Seminararbeit/Dokumente/2018-00 Arbeit.tex
[18:05:13] Parsing /home/vrelda/projects/Seminararbeit/Dokumente/2018-00 Arbeit.tex
[18:05:13] Auto-build /home/vrelda/projects/Seminararbeit/Dokumente/2018-00 Arbeit.tex upon save.
[18:05:13] BUILD command invoked.
[18:05:13] Found root file from active editor: /home/vrelda/projects/Seminararbeit/Dokumente/2018-00 Arbeit.tex
[18:05:13] Root file remains unchanged from: /home/vrelda/projects/Seminararbeit/Dokumente/2018-00 Arbeit.tex.
[18:05:13] Building root file: /home/vrelda/projects/Seminararbeit/Dokumente/2018-00 Arbeit.tex
[18:05:13] Build root file /home/vrelda/projects/Seminararbeit/Dokumente/2018-00 Arbeit.tex
[18:05:13] Recipe step 1: lualatex, -synctex=1,-interaction=nonstopmode,-file-line-error,/home/vrelda/projects/Seminararbeit/Dokumente/2018-00 Arbeit
[18:05:16] LaTeX log parsed with 6 messages.
[18:05:16] Recipe of length 1 finished.
[18:05:16] Successfully built /home/vrelda/projects/Seminararbeit/Dokumente/2018-00 Arbeit.tex
[18:05:16] Refresh PDF viewer for /home/vrelda/projects/Seminararbeit/Dokumente/2018-00 Arbeit.pdf
[18:05:16] Preview PDF file: /home/vrelda/projects/Seminararbeit/Dokumente/2018-00 Arbeit.pdf
[18:08:02] File watcher: responding to change in /home/vrelda/projects/Seminararbeit/Dokumente/2018-00 Arbeit.tex
[18:08:02] Parsing /home/vrelda/projects/Seminararbeit/Dokumente/2018-00 Arbeit.tex
[18:08:02] Auto-build /home/vrelda/projects/Seminararbeit/Dokumente/2018-00 Arbeit.tex upon save.
[18:08:02] BUILD command invoked.
[18:08:02] Found root file from active editor: /home/vrelda/projects/Seminararbeit/Dokumente/2018-00 Arbeit.tex
[18:08:02] Root file remains unchanged from: /home/vrelda/projects/Seminararbeit/Dokumente/2018-00 Arbeit.tex.
[18:08:02] Building root file: /home/vrelda/projects/Seminararbeit/Dokumente/2018-00 Arbeit.tex
[18:08:02] Build root file /home/vrelda/projects/Seminararbeit/Dokumente/2018-00 Arbeit.tex
[18:08:02] Recipe step 1: lualatex, -synctex=1,-interaction=nonstopmode,-file-line-error,/home/vrelda/projects/Seminararbeit/Dokumente/2018-00 Arbeit
[18:08:05] LaTeX log parsed with 7 messages.
[18:08:05] Recipe of length 1 finished.
[18:08:05] Successfully built /home/vrelda/projects/Seminararbeit/Dokumente/2018-00 Arbeit.tex
[18:08:05] Refresh PDF viewer for /home/vrelda/projects/Seminararbeit/Dokumente/2018-00 Arbeit.pdf
[18:08:05] Preview PDF file: /home/vrelda/projects/Seminararbeit/Dokumente/2018-00 Arbeit.pdf
[18:08:48] File watcher: responding to change in /home/vrelda/projects/Seminararbeit/Dokumente/2018-00 Arbeit.tex
[18:08:48] Parsing /home/vrelda/projects/Seminararbeit/Dokumente/2018-00 Arbeit.tex
[18:11:16] File watcher: responding to change in /home/vrelda/projects/Seminararbeit/Dokumente/2018-00 Arbeit.tex
[18:11:16] Parsing /home/vrelda/projects/Seminararbeit/Dokumente/2018-00 Arbeit.tex
[18:11:16] Auto-build /home/vrelda/projects/Seminararbeit/Dokumente/2018-00 Arbeit.tex upon save.
[18:11:16] BUILD command invoked.
[18:11:16] Found root file from active editor: /home/vrelda/projects/Seminararbeit/Dokumente/2018-00 Arbeit.tex
[18:11:16] Root file remains unchanged from: /home/vrelda/projects/Seminararbeit/Dokumente/2018-00 Arbeit.tex.
[18:11:16] Building root file: /home/vrelda/projects/Seminararbeit/Dokumente/2018-00 Arbeit.tex
[18:11:16] Build root file /home/vrelda/projects/Seminararbeit/Dokumente/2018-00 Arbeit.tex
[18:11:16] Recipe step 1: lualatex, -synctex=1,-interaction=nonstopmode,-file-line-error,/home/vrelda/projects/Seminararbeit/Dokumente/2018-00 Arbeit
[18:11:19] LaTeX log parsed with 6 messages.
[18:11:19] Recipe of length 1 finished.
[18:11:19] Successfully built /home/vrelda/projects/Seminararbeit/Dokumente/2018-00 Arbeit.tex
[18:11:19] Refresh PDF viewer for /home/vrelda/projects/Seminararbeit/Dokumente/2018-00 Arbeit.pdf
[18:11:19] Preview PDF file: /home/vrelda/projects/Seminararbeit/Dokumente/2018-00 Arbeit.pdf
[18:43:49] File watcher: responding to change in /home/vrelda/projects/Seminararbeit/Dokumente/2018-00 Arbeit.tex
[18:43:49] Parsing /home/vrelda/projects/Seminararbeit/Dokumente/2018-00 Arbeit.tex
[18:43:49] Auto-build /home/vrelda/projects/Seminararbeit/Dokumente/2018-00 Arbeit.tex upon save.
[18:43:49] BUILD command invoked.
[18:43:49] Found root file from active editor: /home/vrelda/projects/Seminararbeit/Dokumente/2018-00 Arbeit.tex
[18:43:49] Root file remains unchanged from: /home/vrelda/projects/Seminararbeit/Dokumente/2018-00 Arbeit.tex.
[18:43:49] Building root file: /home/vrelda/projects/Seminararbeit/Dokumente/2018-00 Arbeit.tex
[18:43:49] Build root file /home/vrelda/projects/Seminararbeit/Dokumente/2018-00 Arbeit.tex
[18:43:49] Recipe step 1: lualatex, -synctex=1,-interaction=nonstopmode,-file-line-error,/home/vrelda/projects/Seminararbeit/Dokumente/2018-00 Arbeit
[18:43:52] LaTeX log parsed with 6 messages.
[18:43:52] Recipe of length 1 finished.
[18:43:52] Successfully built /home/vrelda/projects/Seminararbeit/Dokumente/2018-00 Arbeit.tex
[18:43:52] Refresh PDF viewer for /home/vrelda/projects/Seminararbeit/Dokumente/2018-00 Arbeit.pdf
[18:43:52] Preview PDF file: /home/vrelda/projects/Seminararbeit/Dokumente/2018-00 Arbeit.pdf
[18:46:00] File watcher: responding to change in /home/vrelda/projects/Seminararbeit/Dokumente/2018-00 Arbeit.tex
[18:46:00] Parsing /home/vrelda/projects/Seminararbeit/Dokumente/2018-00 Arbeit.tex
[18:46:00] Auto-build /home/vrelda/projects/Seminararbeit/Dokumente/2018-00 Arbeit.tex upon save.
[18:46:00] BUILD command invoked.
[18:46:00] Found root file from active editor: /home/vrelda/projects/Seminararbeit/Dokumente/2018-00 Arbeit.tex
[18:46:00] Root file remains unchanged from: /home/vrelda/projects/Seminararbeit/Dokumente/2018-00 Arbeit.tex.
[18:46:00] Building root file: /home/vrelda/projects/Seminararbeit/Dokumente/2018-00 Arbeit.tex
[18:46:00] Build root file /home/vrelda/projects/Seminararbeit/Dokumente/2018-00 Arbeit.tex
[18:46:00] Recipe step 1: lualatex, -synctex=1,-interaction=nonstopmode,-file-line-error,/home/vrelda/projects/Seminararbeit/Dokumente/2018-00 Arbeit
[18:46:03] LaTeX log parsed with 6 messages.
[18:46:03] Recipe of length 1 finished.
[18:46:03] Successfully built /home/vrelda/projects/Seminararbeit/Dokumente/2018-00 Arbeit.tex
[18:46:03] Refresh PDF viewer for /home/vrelda/projects/Seminararbeit/Dokumente/2018-00 Arbeit.pdf
[18:46:03] Preview PDF file: /home/vrelda/projects/Seminararbeit/Dokumente/2018-00 Arbeit.pdf
[18:47:14] File watcher: responding to change in /home/vrelda/projects/Seminararbeit/Dokumente/2018-00 Arbeit.tex
[18:47:14] Parsing /home/vrelda/projects/Seminararbeit/Dokumente/2018-00 Arbeit.tex
[18:47:14] Auto-build /home/vrelda/projects/Seminararbeit/Dokumente/2018-00 Arbeit.tex upon save.
[18:47:14] BUILD command invoked.
[18:47:14] Found root file from active editor: /home/vrelda/projects/Seminararbeit/Dokumente/2018-00 Arbeit.tex
[18:47:14] Root file remains unchanged from: /home/vrelda/projects/Seminararbeit/Dokumente/2018-00 Arbeit.tex.
[18:47:14] Building root file: /home/vrelda/projects/Seminararbeit/Dokumente/2018-00 Arbeit.tex
[18:47:14] Build root file /home/vrelda/projects/Seminararbeit/Dokumente/2018-00 Arbeit.tex
[18:47:14] Recipe step 1: lualatex, -synctex=1,-interaction=nonstopmode,-file-line-error,/home/vrelda/projects/Seminararbeit/Dokumente/2018-00 Arbeit
[18:47:17] LaTeX log parsed with 6 messages.
[18:47:17] Recipe of length 1 finished.
[18:47:17] Successfully built /home/vrelda/projects/Seminararbeit/Dokumente/2018-00 Arbeit.tex
[18:47:17] Refresh PDF viewer for /home/vrelda/projects/Seminararbeit/Dokumente/2018-00 Arbeit.pdf
[18:47:18] Preview PDF file: /home/vrelda/projects/Seminararbeit/Dokumente/2018-00 Arbeit.pdf
[18:59:17] File watcher: responding to change in /home/vrelda/projects/Seminararbeit/Dokumente/2018-00 Arbeit.tex
[18:59:17] Parsing /home/vrelda/projects/Seminararbeit/Dokumente/2018-00 Arbeit.tex
[18:59:17] Auto-build /home/vrelda/projects/Seminararbeit/Dokumente/2018-00 Arbeit.tex upon save.
[18:59:17] BUILD command invoked.
[18:59:17] Found root file from active editor: /home/vrelda/projects/Seminararbeit/Dokumente/2018-00 Arbeit.tex
[18:59:17] Root file remains unchanged from: /home/vrelda/projects/Seminararbeit/Dokumente/2018-00 Arbeit.tex.
[18:59:17] Building root file: /home/vrelda/projects/Seminararbeit/Dokumente/2018-00 Arbeit.tex
[18:59:17] Build root file /home/vrelda/projects/Seminararbeit/Dokumente/2018-00 Arbeit.tex
[18:59:17] Recipe step 1: lualatex, -synctex=1,-interaction=nonstopmode,-file-line-error,/home/vrelda/projects/Seminararbeit/Dokumente/2018-00 Arbeit
[18:59:21] LaTeX log parsed with 6 messages.
[18:59:21] Recipe of length 1 finished.
[18:59:21] Successfully built /home/vrelda/projects/Seminararbeit/Dokumente/2018-00 Arbeit.tex
[18:59:21] No PDF viewer connected for /home/vrelda/projects/Seminararbeit/Dokumente/2018-00 Arbeit.pdf
[19:08:46] File watcher: responding to change in /home/vrelda/projects/Seminararbeit/Dokumente/2018-00 Arbeit.tex
[19:08:46] Parsing /home/vrelda/projects/Seminararbeit/Dokumente/2018-00 Arbeit.tex
[19:08:46] Auto-build /home/vrelda/projects/Seminararbeit/Dokumente/2018-00 Arbeit.tex upon save.
[19:08:46] BUILD command invoked.
[19:08:46] Found root file from active editor: /home/vrelda/projects/Seminararbeit/Dokumente/2018-00 Arbeit.tex
[19:08:46] Root file remains unchanged from: /home/vrelda/projects/Seminararbeit/Dokumente/2018-00 Arbeit.tex.
[19:08:46] Building root file: /home/vrelda/projects/Seminararbeit/Dokumente/2018-00 Arbeit.tex
[19:08:46] Build root file /home/vrelda/projects/Seminararbeit/Dokumente/2018-00 Arbeit.tex
[19:08:46] Recipe step 1: lualatex, -synctex=1,-interaction=nonstopmode,-file-line-error,/home/vrelda/projects/Seminararbeit/Dokumente/2018-00 Arbeit
[19:08:49] LaTeX log parsed with 6 messages.
[19:08:49] Recipe of length 1 finished.
[19:08:49] Successfully built /home/vrelda/projects/Seminararbeit/Dokumente/2018-00 Arbeit.tex
[19:08:49] No PDF viewer connected for /home/vrelda/projects/Seminararbeit/Dokumente/2018-00 Arbeit.pdf
[19:08:50] VIEW command invoked.
[19:08:50] Found root file from active editor: /home/vrelda/projects/Seminararbeit/Dokumente/2018-00 Arbeit.tex
[19:08:50] Root file remains unchanged from: /home/vrelda/projects/Seminararbeit/Dokumente/2018-00 Arbeit.tex.
[19:08:50] No PDF viewer connected for /home/vrelda/projects/Seminararbeit/Dokumente/2018-00 Arbeit.pdf
[19:08:50] Serving PDF file at http://127.0.0.1:45647/viewer.html?file=/pdf:%252Fhome%252Fvrelda%252Fprojects%252FSeminararbeit%252FDokumente%252F2018-00%2520Arbeit.pdf
[19:08:50] Open PDF tab for /home/vrelda/projects/Seminararbeit/Dokumente/2018-00 Arbeit.pdf
[19:08:51] Preview PDF file: /home/vrelda/projects/Seminararbeit/Dokumente/2018-00 Arbeit.pdf
[19:10:24] File watcher: responding to change in /home/vrelda/projects/Seminararbeit/Dokumente/2018-00 Arbeit.tex
[19:10:24] Parsing /home/vrelda/projects/Seminararbeit/Dokumente/2018-00 Arbeit.tex
[19:10:24] Auto-build /home/vrelda/projects/Seminararbeit/Dokumente/2018-00 Arbeit.tex upon save.
[19:10:24] BUILD command invoked.
[19:10:24] Found root file from active editor: /home/vrelda/projects/Seminararbeit/Dokumente/2018-00 Arbeit.tex
[19:10:24] Root file remains unchanged from: /home/vrelda/projects/Seminararbeit/Dokumente/2018-00 Arbeit.tex.
[19:10:24] Building root file: /home/vrelda/projects/Seminararbeit/Dokumente/2018-00 Arbeit.tex
[19:10:24] Build root file /home/vrelda/projects/Seminararbeit/Dokumente/2018-00 Arbeit.tex
[19:10:24] Recipe step 1: lualatex, -synctex=1,-interaction=nonstopmode,-file-line-error,/home/vrelda/projects/Seminararbeit/Dokumente/2018-00 Arbeit
[19:10:27] LaTeX log parsed with 6 messages.
[19:10:27] Recipe of length 1 finished.
[19:10:27] Successfully built /home/vrelda/projects/Seminararbeit/Dokumente/2018-00 Arbeit.tex
[19:10:27] Refresh PDF viewer for /home/vrelda/projects/Seminararbeit/Dokumente/2018-00 Arbeit.pdf
[19:10:28] Preview PDF file: /home/vrelda/projects/Seminararbeit/Dokumente/2018-00 Arbeit.pdf
[19:13:52] File watcher: responding to change in /home/vrelda/projects/Seminararbeit/Dokumente/2018-00 Arbeit.tex
[19:13:52] Parsing /home/vrelda/projects/Seminararbeit/Dokumente/2018-00 Arbeit.tex
[19:13:52] Auto-build /home/vrelda/projects/Seminararbeit/Dokumente/2018-00 Arbeit.tex upon save.
[19:13:52] BUILD command invoked.
[19:13:52] Found root file from active editor: /home/vrelda/projects/Seminararbeit/Dokumente/2018-00 Arbeit.tex
[19:13:52] Root file remains unchanged from: /home/vrelda/projects/Seminararbeit/Dokumente/2018-00 Arbeit.tex.
[19:13:52] Building root file: /home/vrelda/projects/Seminararbeit/Dokumente/2018-00 Arbeit.tex
[19:13:52] Build root file /home/vrelda/projects/Seminararbeit/Dokumente/2018-00 Arbeit.tex
[19:13:52] Recipe step 1: lualatex, -synctex=1,-interaction=nonstopmode,-file-line-error,/home/vrelda/projects/Seminararbeit/Dokumente/2018-00 Arbeit
[19:13:56] LaTeX log parsed with 7 messages.
[19:13:56] Recipe of length 1 finished.
[19:13:56] Successfully built /home/vrelda/projects/Seminararbeit/Dokumente/2018-00 Arbeit.tex
[19:13:56] Refresh PDF viewer for /home/vrelda/projects/Seminararbeit/Dokumente/2018-00 Arbeit.pdf
[19:13:56] Preview PDF file: /home/vrelda/projects/Seminararbeit/Dokumente/2018-00 Arbeit.pdf
[19:18:43] File watcher: responding to change in /home/vrelda/projects/Seminararbeit/Dokumente/2018-00 Arbeit.tex
[19:18:43] Parsing /home/vrelda/projects/Seminararbeit/Dokumente/2018-00 Arbeit.tex
[19:18:43] Auto-build /home/vrelda/projects/Seminararbeit/Dokumente/2018-00 Arbeit.tex upon save.
[19:18:43] BUILD command invoked.
[19:18:43] Found root file from active editor: /home/vrelda/projects/Seminararbeit/Dokumente/2018-00 Arbeit.tex
[19:18:43] Root file remains unchanged from: /home/vrelda/projects/Seminararbeit/Dokumente/2018-00 Arbeit.tex.
[19:18:43] Building root file: /home/vrelda/projects/Seminararbeit/Dokumente/2018-00 Arbeit.tex
[19:18:43] Build root file /home/vrelda/projects/Seminararbeit/Dokumente/2018-00 Arbeit.tex
[19:18:43] Recipe step 1: lualatex, -synctex=1,-interaction=nonstopmode,-file-line-error,/home/vrelda/projects/Seminararbeit/Dokumente/2018-00 Arbeit
[19:18:46] LaTeX log parsed with 6 messages.
[19:18:46] Recipe of length 1 finished.
[19:18:46] Successfully built /home/vrelda/projects/Seminararbeit/Dokumente/2018-00 Arbeit.tex
[19:18:46] Refresh PDF viewer for /home/vrelda/projects/Seminararbeit/Dokumente/2018-00 Arbeit.pdf
[19:18:46] Preview PDF file: /home/vrelda/projects/Seminararbeit/Dokumente/2018-00 Arbeit.pdf
[19:27:40] File watcher: responding to change in /home/vrelda/projects/Seminararbeit/Dokumente/2018-00 Arbeit.tex
[19:27:40] Parsing /home/vrelda/projects/Seminararbeit/Dokumente/2018-00 Arbeit.tex
[19:27:40] Auto-build /home/vrelda/projects/Seminararbeit/Dokumente/2018-00 Arbeit.tex upon save.
[19:27:40] BUILD command invoked.
[19:27:40] Found root file from active editor: /home/vrelda/projects/Seminararbeit/Dokumente/2018-00 Arbeit.tex
[19:27:40] Root file remains unchanged from: /home/vrelda/projects/Seminararbeit/Dokumente/2018-00 Arbeit.tex.
[19:27:40] Building root file: /home/vrelda/projects/Seminararbeit/Dokumente/2018-00 Arbeit.tex
[19:27:40] Build root file /home/vrelda/projects/Seminararbeit/Dokumente/2018-00 Arbeit.tex
[19:27:40] Recipe step 1: lualatex, -synctex=1,-interaction=nonstopmode,-file-line-error,/home/vrelda/projects/Seminararbeit/Dokumente/2018-00 Arbeit
[19:27:43] LaTeX log parsed with 6 messages.
[19:27:43] Recipe of length 1 finished.
[19:27:43] Successfully built /home/vrelda/projects/Seminararbeit/Dokumente/2018-00 Arbeit.tex
[19:27:43] Refresh PDF viewer for /home/vrelda/projects/Seminararbeit/Dokumente/2018-00 Arbeit.pdf
[19:27:44] Preview PDF file: /home/vrelda/projects/Seminararbeit/Dokumente/2018-00 Arbeit.pdf
