[2018-10-27 22:18:36.301] [sharedprocess] [info] main {"machineId":"7e7e30900b0dba6a5864663370066ccb2459feb84b8c8f83970d1a9d4e71981e"}
[2018-10-27 22:18:36.370] [sharedprocess] [info] Scanned user extensions: 11
[2018-10-27 22:18:36.374] [sharedprocess] [info] Scanned user extensions: 11
[2018-10-27 22:18:36.376] [sharedprocess] [info] Scanned user extensions: 11
[2018-10-27 22:18:36.405] [sharedprocess] [info] Scanned system extensions: 71
[2018-10-27 22:18:36.406] [sharedprocess] [info] Scanned system extensions: 71
[2018-10-27 22:18:36.528] [sharedprocess] [info] Scanned user extensions: 11
[2018-10-27 22:18:55.629] [sharedprocess] [info] Scanned user extensions: 11
[2018-10-27 22:18:55.778] [sharedprocess] [info] Scanned user extensions: 11
[2018-10-27 22:18:55.781] [sharedprocess] [info] Scanned user extensions: 11
[2018-10-27 22:18:55.782] [sharedprocess] [info] Scanned user extensions: 11
[2018-10-27 22:18:55.819] [sharedprocess] [info] Scanned system extensions: 71
[2018-10-27 22:18:55.823] [sharedprocess] [info] Scanned system extensions: 71
[2018-10-27 22:18:55.827] [sharedprocess] [info] Scanned system extensions: 71
[2018-10-27 22:19:04.369] [sharedprocess] [info] Installing extension: vscode-dashboard
[2018-10-27 22:19:04.387] [sharedprocess] [info] Scanned user extensions: 11
[2018-10-27 22:19:05.011] [sharedprocess] [info] Downloaded extension: vscode-dashboard /tmp/a074f108-3da5-4cff-9ae4-e687dcb0ac9d
[2018-10-27 22:19:05.078] [sharedprocess] [info] Extracted extension to /home/miltfra/.vscode/extensions/.kruemelkatze.vscode-dashboard-1.1.0: kruemelkatze.vscode-dashboard-1.1.0
[2018-10-27 22:19:05.078] [sharedprocess] [info] Renamed to /home/miltfra/.vscode/extensions/kruemelkatze.vscode-dashboard-1.1.0
[2018-10-27 22:19:05.078] [sharedprocess] [info] Installation completed. kruemelkatze.vscode-dashboard-1.1.0
[2018-10-27 22:19:05.083] [sharedprocess] [info] Extensions installed successfully: kruemelkatze.vscode-dashboard
[2018-10-27 22:19:05.228] [sharedprocess] [info] Scanned user extensions: 12
[2018-10-27 22:19:05.242] [sharedprocess] [info] Scanned system extensions: 71
[2018-10-27 22:19:07.567] [sharedprocess] [info] Scanned user extensions: 12
[2018-10-27 22:19:07.570] [sharedprocess] [info] Scanned user extensions: 12
[2018-10-27 22:19:07.573] [sharedprocess] [info] Scanned user extensions: 12
[2018-10-27 22:19:07.591] [sharedprocess] [info] Scanned system extensions: 71
[2018-10-27 22:19:07.725] [sharedprocess] [info] Scanned user extensions: 12
[2018-10-27 22:19:07.725] [sharedprocess] [info] Scanned user extensions: 12
[2018-10-27 22:19:07.727] [sharedprocess] [info] Scanned user extensions: 12
[2018-10-27 22:19:07.760] [sharedprocess] [info] Scanned system extensions: 71
[2018-10-27 22:19:07.764] [sharedprocess] [info] Scanned system extensions: 71
[2018-10-27 22:19:07.768] [sharedprocess] [info] Scanned system extensions: 71
[2018-10-27 22:19:08.130] [sharedprocess] [info] Scanned user extensions: 12
[2018-10-27 22:19:16.304] [sharedprocess] [info] Starting to clean up unused language packs.
[2018-10-27 22:19:46.569] [sharedprocess] [info] Scanned user extensions: 12
[2018-10-27 22:19:46.571] [sharedprocess] [info] Scanned user extensions: 12
[2018-10-27 22:19:46.575] [sharedprocess] [info] Scanned user extensions: 12
[2018-10-27 22:19:46.599] [sharedprocess] [info] Scanned system extensions: 71
[2018-10-27 22:19:46.603] [sharedprocess] [info] Scanned system extensions: 71
[2018-10-27 22:19:46.804] [sharedprocess] [info] Scanned user extensions: 12
[2018-10-27 22:19:57.699] [sharedprocess] [info] Scanned user extensions: 12
[2018-10-27 22:19:57.790] [sharedprocess] [info] Scanned user extensions: 12
[2018-10-27 22:19:57.791] [sharedprocess] [info] Scanned user extensions: 12
[2018-10-27 22:19:57.794] [sharedprocess] [info] Scanned user extensions: 12
[2018-10-27 22:19:57.835] [sharedprocess] [info] Scanned system extensions: 71
[2018-10-27 22:19:57.839] [sharedprocess] [info] Scanned system extensions: 71
[2018-10-27 22:19:57.842] [sharedprocess] [info] Scanned system extensions: 71
[2018-10-27 22:20:02.397] [sharedprocess] [info] Installing extension: wal
[2018-10-27 22:20:02.405] [sharedprocess] [info] Scanned user extensions: 12
[2018-10-27 22:20:02.914] [sharedprocess] [info] Downloaded extension: wal /tmp/6cdcfc27-5022-45af-acd6-ba5859316825
[2018-10-27 22:20:03.118] [sharedprocess] [info] Extracted extension to /home/miltfra/.vscode/extensions/.cmschuetz12.wal-0.1.0: cmschuetz12.wal-0.1.0
[2018-10-27 22:20:03.119] [sharedprocess] [info] Renamed to /home/miltfra/.vscode/extensions/cmschuetz12.wal-0.1.0
[2018-10-27 22:20:03.119] [sharedprocess] [info] Installation completed. cmschuetz12.wal-0.1.0
[2018-10-27 22:20:03.131] [sharedprocess] [info] Extensions installed successfully: cmschuetz12.wal
[2018-10-27 22:20:03.261] [sharedprocess] [info] Scanned user extensions: 13
[2018-10-27 22:20:03.282] [sharedprocess] [info] Scanned system extensions: 71
[2018-10-27 22:20:06.219] [sharedprocess] [info] Scanned user extensions: 13
[2018-10-27 22:20:06.222] [sharedprocess] [info] Scanned user extensions: 13
[2018-10-27 22:20:06.226] [sharedprocess] [info] Scanned user extensions: 13
[2018-10-27 22:20:06.232] [sharedprocess] [info] Scanned user extensions: 13
[2018-10-27 22:20:06.235] [sharedprocess] [info] Scanned user extensions: 13
[2018-10-27 22:20:06.241] [sharedprocess] [info] Scanned user extensions: 13
[2018-10-27 22:20:06.301] [sharedprocess] [info] Scanned system extensions: 71
[2018-10-27 22:20:06.305] [sharedprocess] [info] Scanned system extensions: 71
[2018-10-27 22:20:06.309] [sharedprocess] [info] Scanned system extensions: 71
[2018-10-27 22:20:06.312] [sharedprocess] [info] Scanned system extensions: 71
[2018-10-27 22:20:06.331] [sharedprocess] [info] Scanned user extensions: 13
[2018-10-27 22:20:29.410] [sharedprocess] [info] Scanned user extensions: 13
[2018-10-27 22:20:29.431] [sharedprocess] [info] Scanned system extensions: 71
[2018-10-27 22:25:06.633] [sharedprocess] [info] Scanned user extensions: 13
[2018-10-27 22:30:06.678] [sharedprocess] [info] Scanned user extensions: 13
[2018-10-27 22:54:14.809] [sharedprocess] [info] Scanned user extensions: 13
