[13:32:02] Initializing LaTeX Workshop.
[13:32:02] Creating LaTeX Workshop http and websocket server.
[13:32:02] LaTeX Workshop initialized.
[13:32:02] Found root file from active editor: /home/vrelda/projects/Seminararbeit/Dokumente/2018-00 Arbeit.tex
[13:32:03] Root file changed from: undefined. Find all dependencies.
[13:32:03] Instatiating new file watcher for /home/vrelda/projects/Seminararbeit/Dokumente/2018-00 Arbeit.tex
[13:32:03] Parsing /home/vrelda/projects/Seminararbeit/Dokumente/2018-00 Arbeit.tex
[13:32:03] Server created on 127.0.0.1:44877
[13:32:03] Snippet data loaded.
[13:32:03] LaTeX Workshop version: 5.13.0
[13:32:03] VIEW command invoked.
[13:32:03] Found root file from active editor: /home/vrelda/projects/Seminararbeit/Dokumente/2018-00 Arbeit.tex
[13:32:03] Root file remains unchanged from: /home/vrelda/projects/Seminararbeit/Dokumente/2018-00 Arbeit.tex.
[13:32:03] No PDF viewer connected for /home/vrelda/projects/Seminararbeit/Dokumente/2018-00 Arbeit.pdf
[13:32:03] Serving PDF file at http://127.0.0.1:44877/viewer.html?file=/pdf:%252Fhome%252Fvrelda%252Fprojects%252FSeminararbeit%252FDokumente%252F2018-00%2520Arbeit.pdf
[13:32:03] Open PDF tab for /home/vrelda/projects/Seminararbeit/Dokumente/2018-00 Arbeit.pdf
[13:32:03] Default data loaded.
[13:32:04] Preview PDF file: /home/vrelda/projects/Seminararbeit/Dokumente/2018-00 Arbeit.pdf
[17:19:14] File watcher: responding to change in /home/vrelda/projects/Seminararbeit/Dokumente/2018-00 Arbeit.tex
[17:19:14] Parsing /home/vrelda/projects/Seminararbeit/Dokumente/2018-00 Arbeit.tex
