[2018-10-27 20:19:02.143] [exthost] [info] extension host started
[2018-10-27 20:19:02.156] [exthost] [info] ExtensionService#_doActivateExtension vscode.debug-auto-launch {"startup":true,"activationEvent":"*"}
[2018-10-27 20:19:02.156] [exthost] [info] ExtensionService#loadCommonJSModule /opt/visual-studio-code/resources/app/extensions/debug-auto-launch/dist/extension
[2018-10-27 20:19:02.160] [exthost] [info] ExtensionService#_doActivateExtension vscode.emmet {"startup":true,"activationEvent":"*"}
[2018-10-27 20:19:02.160] [exthost] [info] ExtensionService#loadCommonJSModule /opt/visual-studio-code/resources/app/extensions/emmet/dist/extension
[2018-10-27 20:19:02.190] [exthost] [info] ExtensionService#_doActivateExtension vscode.git {"startup":true,"activationEvent":"*"}
[2018-10-27 20:19:02.190] [exthost] [info] ExtensionService#loadCommonJSModule /opt/visual-studio-code/resources/app/extensions/git/dist/main
[2018-10-27 20:19:02.286] [exthost] [info] ExtensionService#_doActivateExtension vscode.merge-conflict {"startup":true,"activationEvent":"*"}
[2018-10-27 20:19:02.286] [exthost] [info] ExtensionService#loadCommonJSModule /opt/visual-studio-code/resources/app/extensions/merge-conflict/dist/extension
[2018-10-27 20:19:02.293] [exthost] [info] ExtensionService#_doActivateExtension vscode.search-rg {"startup":true,"activationEvent":"*"}
[2018-10-27 20:19:02.293] [exthost] [info] ExtensionService#loadCommonJSModule /opt/visual-studio-code/resources/app/extensions/search-rg/dist/extension
[2018-10-27 20:19:02.297] [exthost] [info] ExtensionService#_doActivateExtension 2gua.rainbow-brackets {"startup":true,"activationEvent":"*"}
[2018-10-27 20:19:02.297] [exthost] [info] ExtensionService#loadCommonJSModule /home/miltfra/.vscode/extensions/2gua.rainbow-brackets-0.0.6/out/src/extension
[2018-10-27 20:19:02.298] [exthost] [info] ExtensionService#_doActivateExtension eamodio.gitlens {"startup":true,"activationEvent":"*"}
[2018-10-27 20:19:02.298] [exthost] [info] ExtensionService#loadCommonJSModule /home/miltfra/.vscode/extensions/eamodio.gitlens-8.5.6/out/extension
[2018-10-27 20:19:02.396] [exthost] [info] ExtensionService#_doActivateExtension HookyQR.beautify {"startup":true,"activationEvent":"*"}
[2018-10-27 20:19:02.396] [exthost] [info] ExtensionService#loadCommonJSModule /home/miltfra/.vscode/extensions/hookyqr.beautify-1.4.7/extension
[2018-10-27 20:19:02.426] [exthost] [info] ExtensionService#_doActivateExtension naumovs.color-highlight {"startup":true,"activationEvent":"*"}
[2018-10-27 20:19:02.426] [exthost] [info] ExtensionService#loadCommonJSModule /home/miltfra/.vscode/extensions/naumovs.color-highlight-2.3.0/dist/extension
[2018-10-27 20:19:02.446] [exthost] [info] ExtensionService#_doActivateExtension PKief.material-icon-theme {"startup":true,"activationEvent":"*"}
[2018-10-27 20:19:02.446] [exthost] [info] ExtensionService#loadCommonJSModule /home/miltfra/.vscode/extensions/pkief.material-icon-theme-3.6.0/out/src/extension
[2018-10-27 20:19:02.471] [exthost] [info] ExtensionService#_doActivateExtension vscodevim.vim {"startup":true,"activationEvent":"*"}
[2018-10-27 20:19:02.471] [exthost] [info] ExtensionService#loadCommonJSModule /home/miltfra/.vscode/extensions/vscodevim.vim-0.16.12/out/extension
[2018-10-27 20:19:02.713] [exthost] [info] eager extensions activated
[2018-10-27 20:19:02.715] [exthost] [info] ExtensionService#_doActivateExtension aaron-bond.better-comments {"startup":false,"activationEvent":"onLanguage:shellscript"}
[2018-10-27 20:19:02.715] [exthost] [info] ExtensionService#loadCommonJSModule /home/miltfra/.vscode/extensions/aaron-bond.better-comments-2.0.2/out/extension
