[2018-10-27 23:19:51.196] [exthost] [info] extension host started
[2018-10-27 23:19:51.220] [exthost] [info] ExtensionService#_doActivateExtension vscode.debug-auto-launch {"startup":true,"activationEvent":"*"}
[2018-10-27 23:19:51.220] [exthost] [info] ExtensionService#loadCommonJSModule /opt/visual-studio-code/resources/app/extensions/debug-auto-launch/dist/extension
[2018-10-27 23:19:51.227] [exthost] [info] ExtensionService#_doActivateExtension vscode.emmet {"startup":true,"activationEvent":"*"}
[2018-10-27 23:19:51.227] [exthost] [info] ExtensionService#loadCommonJSModule /opt/visual-studio-code/resources/app/extensions/emmet/dist/extension
[2018-10-27 23:19:51.285] [exthost] [info] ExtensionService#_doActivateExtension vscode.git {"startup":true,"activationEvent":"*"}
[2018-10-27 23:19:51.285] [exthost] [info] ExtensionService#loadCommonJSModule /opt/visual-studio-code/resources/app/extensions/git/dist/main
[2018-10-27 23:19:51.423] [exthost] [info] ExtensionService#_doActivateExtension vscode.merge-conflict {"startup":true,"activationEvent":"*"}
[2018-10-27 23:19:51.423] [exthost] [info] ExtensionService#loadCommonJSModule /opt/visual-studio-code/resources/app/extensions/merge-conflict/dist/extension
[2018-10-27 23:19:51.431] [exthost] [info] ExtensionService#_doActivateExtension vscode.search-rg {"startup":true,"activationEvent":"*"}
[2018-10-27 23:19:51.431] [exthost] [info] ExtensionService#loadCommonJSModule /opt/visual-studio-code/resources/app/extensions/search-rg/dist/extension
[2018-10-27 23:19:51.436] [exthost] [info] ExtensionService#_doActivateExtension 2gua.rainbow-brackets {"startup":true,"activationEvent":"*"}
[2018-10-27 23:19:51.437] [exthost] [info] ExtensionService#loadCommonJSModule /home/miltfra/.vscode/extensions/2gua.rainbow-brackets-0.0.6/out/src/extension
[2018-10-27 23:19:51.438] [exthost] [info] ExtensionService#_doActivateExtension cmschuetz12.wal {"startup":true,"activationEvent":"*"}
[2018-10-27 23:19:51.438] [exthost] [info] ExtensionService#loadCommonJSModule /home/miltfra/.vscode/extensions/cmschuetz12.wal-0.1.0/out/extension
[2018-10-27 23:19:51.476] [exthost] [info] ExtensionService#_doActivateExtension eamodio.gitlens {"startup":true,"activationEvent":"*"}
[2018-10-27 23:19:51.476] [exthost] [info] ExtensionService#loadCommonJSModule /home/miltfra/.vscode/extensions/eamodio.gitlens-8.5.6/out/extension
[2018-10-27 23:19:51.641] [exthost] [info] ExtensionService#_doActivateExtension HookyQR.beautify {"startup":true,"activationEvent":"*"}
[2018-10-27 23:19:51.641] [exthost] [info] ExtensionService#loadCommonJSModule /home/miltfra/.vscode/extensions/hookyqr.beautify-1.4.7/extension
[2018-10-27 23:19:51.694] [exthost] [info] ExtensionService#_doActivateExtension kruemelkatze.vscode-dashboard {"startup":true,"activationEvent":"*"}
[2018-10-27 23:19:51.694] [exthost] [info] ExtensionService#loadCommonJSModule /home/miltfra/.vscode/extensions/kruemelkatze.vscode-dashboard-1.1.0/out/dashboard
[2018-10-27 23:19:51.699] [exthost] [info] ExtensionService#_doActivateExtension naumovs.color-highlight {"startup":true,"activationEvent":"*"}
[2018-10-27 23:19:51.699] [exthost] [info] ExtensionService#loadCommonJSModule /home/miltfra/.vscode/extensions/naumovs.color-highlight-2.3.0/dist/extension
[2018-10-27 23:19:51.735] [exthost] [info] ExtensionService#_doActivateExtension PKief.material-icon-theme {"startup":true,"activationEvent":"*"}
[2018-10-27 23:19:51.735] [exthost] [info] ExtensionService#loadCommonJSModule /home/miltfra/.vscode/extensions/pkief.material-icon-theme-3.6.0/out/src/extension
[2018-10-27 23:19:51.775] [exthost] [info] ExtensionService#_doActivateExtension vscodevim.vim {"startup":true,"activationEvent":"*"}
[2018-10-27 23:19:51.775] [exthost] [info] ExtensionService#loadCommonJSModule /home/miltfra/.vscode/extensions/vscodevim.vim-0.16.12/out/extension
[2018-10-27 23:19:52.168] [exthost] [info] eager extensions activated
[2018-10-27 23:19:52.170] [exthost] [info] ExtensionService#_doActivateExtension aaron-bond.better-comments {"startup":false,"activationEvent":"onLanguage:plaintext"}
[2018-10-27 23:19:52.170] [exthost] [info] ExtensionService#loadCommonJSModule /home/miltfra/.vscode/extensions/aaron-bond.better-comments-2.0.2/out/extension
[2018-10-27 23:19:52.502] [exthost] [info] ExtensionService#_doActivateExtension vscode.configuration-editing {"startup":false,"activationEvent":"onLanguage:jsonc"}
[2018-10-27 23:19:52.502] [exthost] [info] ExtensionService#loadCommonJSModule /opt/visual-studio-code/resources/app/extensions/configuration-editing/dist/extension
[2018-10-27 23:19:52.512] [exthost] [info] ExtensionService#_doActivateExtension vscode.json-language-features {"startup":false,"activationEvent":"onLanguage:jsonc"}
[2018-10-27 23:19:52.512] [exthost] [info] ExtensionService#loadCommonJSModule /opt/visual-studio-code/resources/app/extensions/json-language-features/client/dist/jsonMain
[2018-10-27 23:19:52.589] [exthost] [info] ExtensionService#_doActivateExtension vscode.typescript-language-features {"startup":false,"activationEvent":"onLanguage:jsonc"}
[2018-10-27 23:19:52.589] [exthost] [info] ExtensionService#loadCommonJSModule /opt/visual-studio-code/resources/app/extensions/typescript-language-features/dist/extension
[2018-10-27 23:20:32.122] [exthost] [info] ExtensionService#_doActivateExtension vscode.python {"startup":false,"activationEvent":"onLanguage:python"}
[2018-10-27 23:20:32.122] [exthost] [info] ExtensionService#loadCommonJSModule /opt/visual-studio-code/resources/app/extensions/python/out/pythonMain
[2018-10-27 23:20:32.130] [exthost] [info] ExtensionService#_doActivateExtension ms-python.python {"startup":false,"activationEvent":"onLanguage:python"}
[2018-10-27 23:20:32.130] [exthost] [info] ExtensionService#loadCommonJSModule /home/miltfra/.vscode/extensions/ms-python.python-2018.9.1/out/client/extension
